<?xml version="1.0" encoding="UTF-8"?>
<testsuite xmlns:xsi="http://www.w3.org/2001/XMLSchema-instance" xsi:noNamespaceSchemaLocation="https://maven.apache.org/surefire/maven-surefire-plugin/xsd/surefire-test-report.xsd" name="ANTLRTest" time="0.897" tests="3" errors="0" skipped="0" failures="0">
  <properties>
[...]
</properties>
  <testcase name="testParse" classname="ANTLRTest" time="0.731"/>
  <testcase name="testVisitor" classname="ANTLRTest" time="0.032"/>
  <testcase name="testWalker" classname="ANTLRTest" time="0.059"/>
</testsuite>